<?xml version="1.0" encoding="UTF-8"?>
<testng-results ignored="0" total="1" passed="1" failed="0" skipped="0">
  <reporter-output>
  </reporter-output>
  <suite started-at="2025-04-19T15:36:15 IST" name="Default suite" finished-at="2025-04-19T15:36:28 IST" duration-ms="12692">
    <groups>
    </groups>
    <test started-at="2025-04-19T15:36:15 IST" name="Default test" finished-at="2025-04-19T15:36:28 IST" duration-ms="12692">
      <class name="testBase.Registration_Test">
        <test-method is-config="true" signature="setup()[pri:0, instance:testBase.Registration_Test@ae13544]" started-at="2025-04-19T15:36:15 IST" name="setup" finished-at="2025-04-19T15:36:24 IST" duration-ms="9001" status="PASS">
          <reporter-output>
          </reporter-output>
        </test-method> <!-- setup -->
        <test-method signature="test_registration()[pri:0, instance:testBase.Registration_Test@ae13544]" started-at="2025-04-19T15:36:24 IST" name="test_registration" finished-at="2025-04-19T15:36:27 IST" duration-ms="3206" status="PASS">
          <reporter-output>
          </reporter-output>
        </test-method> <!-- test_registration -->
        <test-method is-config="true" signature="teardown()[pri:0, instance:testBase.Registration_Test@ae13544]" started-at="2025-04-19T15:36:27 IST" name="teardown" finished-at="2025-04-19T15:36:28 IST" duration-ms="391" status="PASS">
          <reporter-output>
          </reporter-output>
        </test-method> <!-- teardown -->
      </class> <!-- testBase.Registration_Test -->
    </test> <!-- Default test -->
  </suite> <!-- Default suite -->
</testng-results>
