<?xml version="1.0" encoding="UTF-8"?>
<testng-results ignored="0" total="1" passed="1" failed="0" skipped="0">
  <reporter-output>
  </reporter-output>
  <suite started-at="2025-04-21T13:32:41 IST" name="Suite" finished-at="2025-04-21T13:32:52 IST" duration-ms="10509">
    <groups>
    </groups>
    <test started-at="2025-04-21T13:32:41 IST" name="Test" finished-at="2025-04-21T13:32:52 IST" duration-ms="10509">
      <class name="testBase.Registration_Test">
        <test-method is-config="true" signature="setup()[pri:0, instance:testBase.Registration_Test@6200f9cb]" started-at="2025-04-21T13:32:41 IST" name="setup" finished-at="2025-04-21T13:32:49 IST" duration-ms="7590" status="PASS">
          <reporter-output>
          </reporter-output>
        </test-method> <!-- setup -->
        <test-method signature="test_registration()[pri:0, instance:testBase.Registration_Test@6200f9cb]" started-at="2025-04-21T13:32:49 IST" name="test_registration" finished-at="2025-04-21T13:32:52 IST" duration-ms="2639" status="PASS">
          <reporter-output>
          </reporter-output>
        </test-method> <!-- test_registration -->
        <test-method is-config="true" signature="teardown()[pri:0, instance:testBase.Registration_Test@6200f9cb]" started-at="2025-04-21T13:32:52 IST" name="teardown" finished-at="2025-04-21T13:32:52 IST" duration-ms="221" status="PASS">
          <reporter-output>
          </reporter-output>
        </test-method> <!-- teardown -->
      </class> <!-- testBase.Registration_Test -->
    </test> <!-- Test -->
  </suite> <!-- Suite -->
</testng-results>
